{"/Users/admin/Documents/Projects/leetcode-cheatsheet/pages/functional/factorial.js": {"path":"/Users/admin/Documents/Projects/leetcode-cheatsheet/pages/functional/factorial.js","statementMap":{"0":{"start":{"line":10,"column":12},"end":{"line":10,"column":29}},"1":{"start":{"line":12,"column":16},"end":{"line":12,"column":17}},"2":{"start":{"line":14,"column":2},"end":{"line":16,"column":3}},"3":{"start":{"line":14,"column":15},"end":{"line":14,"column":16}},"4":{"start":{"line":15,"column":4},"end":{"line":15,"column":21}},"5":{"start":{"line":18,"column":2},"end":{"line":18,"column":17}},"6":{"start":{"line":27,"column":12},"end":{"line":27,"column":29}},"7":{"start":{"line":29,"column":2},"end":{"line":29,"column":57}}},"fnMap":{"0":{"name":"factorialUsingLoop","decl":{"start":{"line":9,"column":9},"end":{"line":9,"column":27}},"loc":{"start":{"line":9,"column":35},"end":{"line":19,"column":1}},"line":9},"1":{"name":"factorialUsingrecursive","decl":{"start":{"line":26,"column":9},"end":{"line":26,"column":32}},"loc":{"start":{"line":26,"column":40},"end":{"line":30,"column":1}},"line":26}},"branchMap":{"0":{"loc":{"start":{"line":29,"column":9},"end":{"line":29,"column":56}},"type":"cond-expr","locations":[{"start":{"line":29,"column":18},"end":{"line":29,"column":19}},{"start":{"line":29,"column":22},"end":{"line":29,"column":56}}],"line":29}},"s":{"0":1,"1":1,"2":1,"3":1,"4":4,"5":1,"6":5,"7":5},"f":{"0":1,"1":5},"b":{"0":[1,4]},"_coverageSchema":"1a1c01bbd47fc00a2c39e90264f33305004495a9","hash":"0d3e1e2a42e5602b2a983f0567185824cb821541"}
,"/Users/admin/Documents/Projects/leetcode-cheatsheet/pages/functional/fibonacci.js": {"path":"/Users/admin/Documents/Projects/leetcode-cheatsheet/pages/functional/fibonacci.js","statementMap":{"0":{"start":{"line":9,"column":19},"end":{"line":9,"column":36}},"1":{"start":{"line":11,"column":2},"end":{"line":16,"column":44}},"2":{"start":{"line":25,"column":19},"end":{"line":25,"column":36}},"3":{"start":{"line":27,"column":2},"end":{"line":31,"column":3}},"4":{"start":{"line":28,"column":4},"end":{"line":28,"column":13}},"5":{"start":{"line":29,"column":9},"end":{"line":31,"column":3}},"6":{"start":{"line":30,"column":4},"end":{"line":30,"column":13}},"7":{"start":{"line":33,"column":17},"end":{"line":33,"column":18}},"8":{"start":{"line":35,"column":13},"end":{"line":35,"column":14}},"9":{"start":{"line":37,"column":15},"end":{"line":37,"column":16}},"10":{"start":{"line":39,"column":2},"end":{"line":43,"column":3}},"11":{"start":{"line":39,"column":23},"end":{"line":39,"column":24}},"12":{"start":{"line":40,"column":4},"end":{"line":40,"column":29}},"13":{"start":{"line":41,"column":4},"end":{"line":41,"column":20}},"14":{"start":{"line":42,"column":4},"end":{"line":42,"column":18}},"15":{"start":{"line":45,"column":2},"end":{"line":45,"column":16}}},"fnMap":{"0":{"name":"fibbonaciUsingRecursive","decl":{"start":{"line":8,"column":9},"end":{"line":8,"column":32}},"loc":{"start":{"line":8,"column":40},"end":{"line":17,"column":1}},"line":8},"1":{"name":"fibbonaciUsingLoop","decl":{"start":{"line":24,"column":9},"end":{"line":24,"column":27}},"loc":{"start":{"line":24,"column":35},"end":{"line":46,"column":1}},"line":24}},"branchMap":{"0":{"loc":{"start":{"line":11,"column":9},"end":{"line":16,"column":43}},"type":"cond-expr","locations":[{"start":{"line":12,"column":6},"end":{"line":12,"column":7}},{"start":{"line":13,"column":6},"end":{"line":16,"column":43}}],"line":11},"1":{"loc":{"start":{"line":13,"column":6},"end":{"line":16,"column":43}},"type":"cond-expr","locations":[{"start":{"line":14,"column":6},"end":{"line":14,"column":7}},{"start":{"line":15,"column":6},"end":{"line":16,"column":43}}],"line":13},"2":{"loc":{"start":{"line":27,"column":2},"end":{"line":31,"column":3}},"type":"if","locations":[{"start":{"line":27,"column":2},"end":{"line":31,"column":3}},{"start":{"line":29,"column":9},"end":{"line":31,"column":3}}],"line":27},"3":{"loc":{"start":{"line":29,"column":9},"end":{"line":31,"column":3}},"type":"if","locations":[{"start":{"line":29,"column":9},"end":{"line":31,"column":3}},{"start":{},"end":{}}],"line":29}},"s":{"0":12,"1":12,"2":3,"3":3,"4":1,"5":2,"6":1,"7":1,"8":1,"9":1,"10":1,"11":1,"12":4,"13":4,"14":4,"15":1},"f":{"0":12,"1":3},"b":{"0":[3,9],"1":[5,4],"2":[1,2],"3":[1,1]},"_coverageSchema":"1a1c01bbd47fc00a2c39e90264f33305004495a9","hash":"f50f34e8fac0ee1ce821907ff14f540085c00c80"}
,"/Users/admin/Documents/Projects/leetcode-cheatsheet/pages/functional/fizzbuzz.js": {"path":"/Users/admin/Documents/Projects/leetcode-cheatsheet/pages/functional/fizzbuzz.js","statementMap":{"0":{"start":{"line":10,"column":12},"end":{"line":10,"column":29}},"1":{"start":{"line":12,"column":14},"end":{"line":12,"column":16}},"2":{"start":{"line":14,"column":2},"end":{"line":18,"column":3}},"3":{"start":{"line":15,"column":4},"end":{"line":15,"column":37}},"4":{"start":{"line":16,"column":9},"end":{"line":18,"column":3}},"5":{"start":{"line":17,"column":4},"end":{"line":17,"column":32}},"6":{"start":{"line":18,"column":4},"end":{"line":18,"column":32}},"7":{"start":{"line":21,"column":0},"end":{"line":21,"column":36}}},"fnMap":{"0":{"name":"fizzBuzzUsingLoop","decl":{"start":{"line":9,"column":9},"end":{"line":9,"column":26}},"loc":{"start":{"line":9,"column":34},"end":{"line":20,"column":1}},"line":9}},"branchMap":{"0":{"loc":{"start":{"line":14,"column":2},"end":{"line":18,"column":3}},"type":"if","locations":[{"start":{"line":14,"column":2},"end":{"line":18,"column":3}},{"start":{"line":16,"column":9},"end":{"line":18,"column":3}}],"line":14},"1":{"loc":{"start":{"line":14,"column":7},"end":{"line":14,"column":33}},"type":"binary-expr","locations":[{"start":{"line":14,"column":7},"end":{"line":14,"column":18}},{"start":{"line":14,"column":22},"end":{"line":14,"column":33}}],"line":14},"2":{"loc":{"start":{"line":16,"column":9},"end":{"line":18,"column":3}},"type":"if","locations":[{"start":{"line":16,"column":9},"end":{"line":18,"column":3}},{"start":{},"end":{}}],"line":16}},"s":{"0":5,"1":5,"2":5,"3":1,"4":4,"5":2,"6":2,"7":1},"f":{"0":5},"b":{"0":[1,4],"1":[5,5],"2":[2,2]},"_coverageSchema":"1a1c01bbd47fc00a2c39e90264f33305004495a9","hash":"b39b7addff5370cf20f6609639959fb1c76c2aa4"}
,"/Users/admin/Documents/Projects/leetcode-cheatsheet/pages/functional/palindrome.js": {"path":"/Users/admin/Documents/Projects/leetcode-cheatsheet/pages/functional/palindrome.js","statementMap":{"0":{"start":{"line":10,"column":14},"end":{"line":10,"column":16}},"1":{"start":{"line":12,"column":2},"end":{"line":14,"column":3}},"2":{"start":{"line":13,"column":4},"end":{"line":13,"column":23}},"3":{"start":{"line":16,"column":21},"end":{"line":16,"column":23}},"4":{"start":{"line":18,"column":2},"end":{"line":20,"column":3}},"5":{"start":{"line":18,"column":15},"end":{"line":18,"column":16}},"6":{"start":{"line":19,"column":4},"end":{"line":19,"column":47}},"7":{"start":{"line":22,"column":2},"end":{"line":22,"column":64}},"8":{"start":{"line":31,"column":2},"end":{"line":43,"column":3}},"9":{"start":{"line":31,"column":9},"end":{"line":43,"column":3}},"10":{"start":{"line":31,"column":26},"end":{"line":31,"column":27}},"11":{"start":{"line":32,"column":22},"end":{"line":32,"column":34}},"12":{"start":{"line":34,"column":21},"end":{"line":34,"column":54}},"13":{"start":{"line":36,"column":4},"end":{"line":38,"column":5}},"14":{"start":{"line":37,"column":6},"end":{"line":37,"column":19}},"15":{"start":{"line":40,"column":4},"end":{"line":40,"column":51}},"16":{"start":{"line":42,"column":4},"end":{"line":42,"column":19}},"17":{"start":{"line":45,"column":2},"end":{"line":45,"column":14}},"18":{"start":{"line":55,"column":20},"end":{"line":55,"column":32}},"19":{"start":{"line":57,"column":19},"end":{"line":57,"column":52}},"20":{"start":{"line":59,"column":2},"end":{"line":63,"column":3}},"21":{"start":{"line":60,"column":4},"end":{"line":60,"column":17}},"22":{"start":{"line":61,"column":9},"end":{"line":63,"column":3}},"23":{"start":{"line":62,"column":4},"end":{"line":62,"column":54}},"24":{"start":{"line":65,"column":2},"end":{"line":65,"column":49}},"25":{"start":{"line":67,"column":2},"end":{"line":67,"column":14}}},"fnMap":{"0":{"name":"palindromeUsingReverse","decl":{"start":{"line":9,"column":9},"end":{"line":9,"column":31}},"loc":{"start":{"line":9,"column":39},"end":{"line":23,"column":1}},"line":9},"1":{"name":"palindromeUsingLoop","decl":{"start":{"line":30,"column":9},"end":{"line":30,"column":28}},"loc":{"start":{"line":30,"column":36},"end":{"line":46,"column":1}},"line":30},"2":{"name":"palindromeUsingRecursive","decl":{"start":{"line":54,"column":9},"end":{"line":54,"column":33}},"loc":{"start":{"line":54,"column":52},"end":{"line":68,"column":1}},"line":54}},"branchMap":{"0":{"loc":{"start":{"line":36,"column":4},"end":{"line":38,"column":5}},"type":"if","locations":[{"start":{"line":36,"column":4},"end":{"line":38,"column":5}},{"start":{},"end":{}}],"line":36},"1":{"loc":{"start":{"line":54,"column":41},"end":{"line":54,"column":50}},"type":"default-arg","locations":[{"start":{"line":54,"column":49},"end":{"line":54,"column":50}}],"line":54},"2":{"loc":{"start":{"line":59,"column":2},"end":{"line":63,"column":3}},"type":"if","locations":[{"start":{"line":59,"column":2},"end":{"line":63,"column":3}},{"start":{"line":61,"column":9},"end":{"line":63,"column":3}}],"line":59},"3":{"loc":{"start":{"line":61,"column":9},"end":{"line":63,"column":3}},"type":"if","locations":[{"start":{"line":61,"column":9},"end":{"line":63,"column":3}},{"start":{},"end":{}}],"line":61}},"s":{"0":1,"1":1,"2":7,"3":1,"4":1,"5":1,"6":7,"7":1,"8":2,"9":2,"10":2,"11":5,"12":5,"13":5,"14":1,"15":4,"16":4,"17":1,"18":6,"19":6,"20":6,"21":1,"22":5,"23":4,"24":1,"25":1},"f":{"0":1,"1":2,"2":6},"b":{"0":[1,4],"1":[2],"2":[1,5],"3":[4,1]},"_coverageSchema":"1a1c01bbd47fc00a2c39e90264f33305004495a9","hash":"a505ac861ec122d9d8752e97b9f2d7578c95d7fc"}
,"/Users/admin/Documents/Projects/leetcode-cheatsheet/pages/oop/factorial.js": {"path":"/Users/admin/Documents/Projects/leetcode-cheatsheet/pages/oop/factorial.js","statementMap":{"0":{"start":{"line":10,"column":17},"end":{"line":10,"column":18}},"1":{"start":{"line":12,"column":4},"end":{"line":15,"column":5}},"2":{"start":{"line":12,"column":21},"end":{"line":12,"column":22}},"3":{"start":{"line":13,"column":6},"end":{"line":13,"column":22}},"4":{"start":{"line":17,"column":4},"end":{"line":17,"column":18}},"5":{"start":{"line":25,"column":4},"end":{"line":25,"column":76}}},"fnMap":{"0":{"name":"(anonymous_0)","decl":{"start":{"line":9,"column":2},"end":{"line":9,"column":3}},"loc":{"start":{"line":9,"column":35},"end":{"line":18,"column":3}},"line":9},"1":{"name":"(anonymous_1)","decl":{"start":{"line":24,"column":2},"end":{"line":24,"column":3}},"loc":{"start":{"line":24,"column":40},"end":{"line":26,"column":3}},"line":24}},"branchMap":{"0":{"loc":{"start":{"line":25,"column":11},"end":{"line":25,"column":75}},"type":"cond-expr","locations":[{"start":{"line":25,"column":24},"end":{"line":25,"column":25}},{"start":{"line":25,"column":28},"end":{"line":25,"column":75}}],"line":25}},"s":{"0":1,"1":1,"2":1,"3":4,"4":1,"5":5},"f":{"0":1,"1":5},"b":{"0":[1,4]},"_coverageSchema":"1a1c01bbd47fc00a2c39e90264f33305004495a9","hash":"59906a33ea1b329cdc06e45b282034634be8c022"}
,"/Users/admin/Documents/Projects/leetcode-cheatsheet/pages/oop/fibonacci.js": {"path":"/Users/admin/Documents/Projects/leetcode-cheatsheet/pages/oop/fibonacci.js","statementMap":{"0":{"start":{"line":10,"column":14},"end":{"line":10,"column":31}},"1":{"start":{"line":12,"column":4},"end":{"line":17,"column":44}},"2":{"start":{"line":26,"column":21},"end":{"line":26,"column":34}},"3":{"start":{"line":28,"column":4},"end":{"line":32,"column":5}},"4":{"start":{"line":29,"column":6},"end":{"line":29,"column":15}},"5":{"start":{"line":30,"column":11},"end":{"line":32,"column":5}},"6":{"start":{"line":31,"column":6},"end":{"line":31,"column":15}},"7":{"start":{"line":34,"column":19},"end":{"line":34,"column":20}},"8":{"start":{"line":35,"column":15},"end":{"line":35,"column":16}},"9":{"start":{"line":36,"column":17},"end":{"line":36,"column":18}},"10":{"start":{"line":38,"column":4},"end":{"line":42,"column":5}},"11":{"start":{"line":38,"column":25},"end":{"line":38,"column":26}},"12":{"start":{"line":39,"column":6},"end":{"line":39,"column":31}},"13":{"start":{"line":40,"column":6},"end":{"line":40,"column":22}},"14":{"start":{"line":41,"column":6},"end":{"line":41,"column":20}},"15":{"start":{"line":44,"column":4},"end":{"line":44,"column":18}}},"fnMap":{"0":{"name":"(anonymous_0)","decl":{"start":{"line":9,"column":2},"end":{"line":9,"column":3}},"loc":{"start":{"line":9,"column":40},"end":{"line":18,"column":3}},"line":9},"1":{"name":"(anonymous_1)","decl":{"start":{"line":25,"column":2},"end":{"line":25,"column":3}},"loc":{"start":{"line":25,"column":31},"end":{"line":45,"column":3}},"line":25}},"branchMap":{"0":{"loc":{"start":{"line":12,"column":11},"end":{"line":17,"column":43}},"type":"cond-expr","locations":[{"start":{"line":13,"column":8},"end":{"line":13,"column":9}},{"start":{"line":14,"column":8},"end":{"line":17,"column":43}}],"line":12},"1":{"loc":{"start":{"line":14,"column":8},"end":{"line":17,"column":43}},"type":"cond-expr","locations":[{"start":{"line":15,"column":8},"end":{"line":15,"column":9}},{"start":{"line":16,"column":8},"end":{"line":17,"column":43}}],"line":14},"2":{"loc":{"start":{"line":28,"column":4},"end":{"line":32,"column":5}},"type":"if","locations":[{"start":{"line":28,"column":4},"end":{"line":32,"column":5}},{"start":{"line":30,"column":11},"end":{"line":32,"column":5}}],"line":28},"3":{"loc":{"start":{"line":30,"column":11},"end":{"line":32,"column":5}},"type":"if","locations":[{"start":{"line":30,"column":11},"end":{"line":32,"column":5}},{"start":{},"end":{}}],"line":30}},"s":{"0":10,"1":10,"2":3,"3":3,"4":1,"5":2,"6":1,"7":1,"8":1,"9":1,"10":1,"11":1,"12":4,"13":4,"14":4,"15":1},"f":{"0":10,"1":3},"b":{"0":[1,9],"1":[5,4],"2":[1,2],"3":[1,1]},"_coverageSchema":"1a1c01bbd47fc00a2c39e90264f33305004495a9","hash":"6a984d4fa4d8e11025cd846092c03fd5d6ebca68"}
,"/Users/admin/Documents/Projects/leetcode-cheatsheet/pages/oop/fizzbuzz.js": {"path":"/Users/admin/Documents/Projects/leetcode-cheatsheet/pages/oop/fizzbuzz.js","statementMap":{"0":{"start":{"line":11,"column":4},"end":{"line":15,"column":15}},"1":{"start":{"line":19,"column":17},"end":{"line":19,"column":19}},"2":{"start":{"line":21,"column":4},"end":{"line":23,"column":5}},"3":{"start":{"line":22,"column":6},"end":{"line":22,"column":30}}},"fnMap":{"0":{"name":"(anonymous_0)","decl":{"start":{"line":10,"column":2},"end":{"line":10,"column":3}},"loc":{"start":{"line":10,"column":31},"end":{"line":16,"column":3}},"line":10},"1":{"name":"(anonymous_1)","decl":{"start":{"line":18,"column":2},"end":{"line":18,"column":3}},"loc":{"start":{"line":18,"column":29},"end":{"line":24,"column":3}},"line":18}},"branchMap":{"0":{"loc":{"start":{"line":11,"column":10},"end":{"line":15,"column":14}},"type":"cond-expr","locations":[{"start":{"line":12,"column":8},"end":{"line":12,"column":19}},{"start":{"line":13,"column":8},"end":{"line":15,"column":14}}],"line":11},"1":{"loc":{"start":{"line":11,"column":10},"end":{"line":11,"column":36}},"type":"binary-expr","locations":[{"start":{"line":11,"column":10},"end":{"line":11,"column":21}},{"start":{"line":11,"column":25},"end":{"line":11,"column":36}}],"line":11},"2":{"loc":{"start":{"line":13,"column":8},"end":{"line":15,"column":14}},"type":"cond-expr","locations":[{"start":{"line":14,"column":8},"end":{"line":14,"column":14}},{"start":{"line":15,"column":8},"end":{"line":15,"column":14}}],"line":13}},"s":{"0":3,"1":3,"2":3,"3":3},"f":{"0":3,"1":3},"b":{"0":[1,2],"1":[3,3],"2":[1,1]},"_coverageSchema":"1a1c01bbd47fc00a2c39e90264f33305004495a9","hash":"7cf1db11e0ff9146ed3b1d1a0609c60b88540e67"}
,"/Users/admin/Documents/Projects/leetcode-cheatsheet/pages/oop/palindrome.js": {"path":"/Users/admin/Documents/Projects/leetcode-cheatsheet/pages/oop/palindrome.js","statementMap":{"0":{"start":{"line":10,"column":25},"end":{"line":10,"column":63}},"1":{"start":{"line":12,"column":26},"end":{"line":12,"column":67}},"2":{"start":{"line":14,"column":4},"end":{"line":14,"column":42}},"3":{"start":{"line":23,"column":4},"end":{"line":23,"column":30}},"4":{"start":{"line":25,"column":4},"end":{"line":35,"column":5}},"5":{"start":{"line":25,"column":11},"end":{"line":35,"column":5}},"6":{"start":{"line":25,"column":28},"end":{"line":25,"column":29}},"7":{"start":{"line":26,"column":24},"end":{"line":26,"column":36}},"8":{"start":{"line":28,"column":23},"end":{"line":28,"column":56}},"9":{"start":{"line":30,"column":6},"end":{"line":32,"column":7}},"10":{"start":{"line":31,"column":8},"end":{"line":31,"column":21}},"11":{"start":{"line":33,"column":6},"end":{"line":33,"column":53}},"12":{"start":{"line":34,"column":6},"end":{"line":34,"column":21}},"13":{"start":{"line":37,"column":4},"end":{"line":37,"column":16}},"14":{"start":{"line":47,"column":22},"end":{"line":47,"column":34}},"15":{"start":{"line":49,"column":21},"end":{"line":49,"column":54}},"16":{"start":{"line":51,"column":4},"end":{"line":55,"column":5}},"17":{"start":{"line":52,"column":6},"end":{"line":52,"column":19}},"18":{"start":{"line":53,"column":11},"end":{"line":55,"column":5}},"19":{"start":{"line":54,"column":6},"end":{"line":54,"column":61}},"20":{"start":{"line":56,"column":4},"end":{"line":56,"column":51}},"21":{"start":{"line":57,"column":4},"end":{"line":57,"column":16}}},"fnMap":{"0":{"name":"(anonymous_0)","decl":{"start":{"line":9,"column":2},"end":{"line":9,"column":3}},"loc":{"start":{"line":9,"column":39},"end":{"line":15,"column":3}},"line":9},"1":{"name":"(anonymous_1)","decl":{"start":{"line":22,"column":2},"end":{"line":22,"column":3}},"loc":{"start":{"line":22,"column":36},"end":{"line":38,"column":3}},"line":22},"2":{"name":"(anonymous_2)","decl":{"start":{"line":46,"column":2},"end":{"line":46,"column":3}},"loc":{"start":{"line":46,"column":52},"end":{"line":58,"column":3}},"line":46}},"branchMap":{"0":{"loc":{"start":{"line":30,"column":6},"end":{"line":32,"column":7}},"type":"if","locations":[{"start":{"line":30,"column":6},"end":{"line":32,"column":7}},{"start":{},"end":{}}],"line":30},"1":{"loc":{"start":{"line":46,"column":41},"end":{"line":46,"column":50}},"type":"default-arg","locations":[{"start":{"line":46,"column":49},"end":{"line":46,"column":50}}],"line":46},"2":{"loc":{"start":{"line":51,"column":4},"end":{"line":55,"column":5}},"type":"if","locations":[{"start":{"line":51,"column":4},"end":{"line":55,"column":5}},{"start":{"line":53,"column":11},"end":{"line":55,"column":5}}],"line":51},"3":{"loc":{"start":{"line":53,"column":11},"end":{"line":55,"column":5}},"type":"if","locations":[{"start":{"line":53,"column":11},"end":{"line":55,"column":5}},{"start":{},"end":{}}],"line":53}},"s":{"0":1,"1":1,"2":1,"3":2,"4":2,"5":2,"6":2,"7":5,"8":5,"9":5,"10":1,"11":4,"12":4,"13":1,"14":6,"15":6,"16":6,"17":1,"18":5,"19":4,"20":1,"21":1},"f":{"0":1,"1":2,"2":6},"b":{"0":[1,4],"1":[2],"2":[1,5],"3":[4,1]},"_coverageSchema":"1a1c01bbd47fc00a2c39e90264f33305004495a9","hash":"5be0dd0861c61b9c0fa8c243e22cc8c57dff2e05"}
}
