TN:
SF:pages/functional/factorial.js
FN:9,factorialUsingLoop
FN:26,factorialUsingrecursive
FNF:2
FNH:2
FNDA:1,factorialUsingLoop
FNDA:5,factorialUsingrecursive
DA:10,1
DA:12,1
DA:14,1
DA:15,4
DA:18,1
DA:27,5
DA:29,5
LF:7
LH:7
BRDA:29,0,0,1
BRDA:29,0,1,4
BRF:2
BRH:2
end_of_record
TN:
SF:pages/functional/fibonacci.js
FN:8,fibbonaciUsingRecursive
FN:24,fibbonaciUsingLoop
FNF:2
FNH:2
FNDA:12,fibbonaciUsingRecursive
FNDA:3,fibbonaciUsingLoop
DA:9,12
DA:11,12
DA:25,3
DA:27,3
DA:28,1
DA:29,2
DA:30,1
DA:33,1
DA:35,1
DA:37,1
DA:39,1
DA:40,4
DA:41,4
DA:42,4
DA:45,1
LF:15
LH:15
BRDA:11,0,0,3
BRDA:11,0,1,9
BRDA:13,1,0,5
BRDA:13,1,1,4
BRDA:27,2,0,1
BRDA:27,2,1,2
BRDA:29,3,0,1
BRDA:29,3,1,1
BRF:8
BRH:8
end_of_record
TN:
SF:pages/functional/fizzbuzz.js
FN:9,fizzBuzzUsingLoop
FNF:1
FNH:1
FNDA:5,fizzBuzzUsingLoop
DA:10,5
DA:12,5
DA:14,5
DA:15,1
DA:16,4
DA:17,2
DA:18,2
DA:21,1
LF:8
LH:8
BRDA:14,0,0,1
BRDA:14,0,1,4
BRDA:14,1,0,5
BRDA:14,1,1,5
BRDA:16,2,0,2
BRDA:16,2,1,2
BRF:6
BRH:6
end_of_record
TN:
SF:pages/functional/palindrome.js
FN:9,palindromeUsingReverse
FN:30,palindromeUsingLoop
FN:54,palindromeUsingRecursive
FNF:3
FNH:3
FNDA:1,palindromeUsingReverse
FNDA:2,palindromeUsingLoop
FNDA:6,palindromeUsingRecursive
DA:10,1
DA:12,1
DA:13,7
DA:16,1
DA:18,1
DA:19,7
DA:22,1
DA:31,2
DA:32,5
DA:34,5
DA:36,5
DA:37,1
DA:40,4
DA:42,4
DA:45,1
DA:55,6
DA:57,6
DA:59,6
DA:60,1
DA:61,5
DA:62,4
DA:65,1
DA:67,1
LF:23
LH:23
BRDA:36,0,0,1
BRDA:36,0,1,4
BRDA:54,1,0,2
BRDA:59,2,0,1
BRDA:59,2,1,5
BRDA:61,3,0,4
BRDA:61,3,1,1
BRF:7
BRH:7
end_of_record
TN:
SF:pages/oop/factorial.js
FN:9,(anonymous_0)
FN:24,(anonymous_1)
FNF:2
FNH:2
FNDA:1,(anonymous_0)
FNDA:5,(anonymous_1)
DA:10,1
DA:12,1
DA:13,4
DA:17,1
DA:25,5
LF:5
LH:5
BRDA:25,0,0,1
BRDA:25,0,1,4
BRF:2
BRH:2
end_of_record
TN:
SF:pages/oop/fibonacci.js
FN:9,(anonymous_0)
FN:25,(anonymous_1)
FNF:2
FNH:2
FNDA:10,(anonymous_0)
FNDA:3,(anonymous_1)
DA:10,10
DA:12,10
DA:26,3
DA:28,3
DA:29,1
DA:30,2
DA:31,1
DA:34,1
DA:35,1
DA:36,1
DA:38,1
DA:39,4
DA:40,4
DA:41,4
DA:44,1
LF:15
LH:15
BRDA:12,0,0,1
BRDA:12,0,1,9
BRDA:14,1,0,5
BRDA:14,1,1,4
BRDA:28,2,0,1
BRDA:28,2,1,2
BRDA:30,3,0,1
BRDA:30,3,1,1
BRF:8
BRH:8
end_of_record
TN:
SF:pages/oop/fizzbuzz.js
FN:10,(anonymous_0)
FN:18,(anonymous_1)
FNF:2
FNH:2
FNDA:3,(anonymous_0)
FNDA:3,(anonymous_1)
DA:11,3
DA:19,3
DA:21,3
DA:22,3
LF:4
LH:4
BRDA:11,0,0,1
BRDA:11,0,1,2
BRDA:11,1,0,3
BRDA:11,1,1,3
BRDA:13,2,0,1
BRDA:13,2,1,1
BRF:6
BRH:6
end_of_record
TN:
SF:pages/oop/palindrome.js
FN:9,(anonymous_0)
FN:22,(anonymous_1)
FN:46,(anonymous_2)
FNF:3
FNH:3
FNDA:1,(anonymous_0)
FNDA:2,(anonymous_1)
FNDA:6,(anonymous_2)
DA:10,1
DA:12,1
DA:14,1
DA:23,2
DA:25,2
DA:26,5
DA:28,5
DA:30,5
DA:31,1
DA:33,4
DA:34,4
DA:37,1
DA:47,6
DA:49,6
DA:51,6
DA:52,1
DA:53,5
DA:54,4
DA:56,1
DA:57,1
LF:20
LH:20
BRDA:30,0,0,1
BRDA:30,0,1,4
BRDA:46,1,0,2
BRDA:51,2,0,1
BRDA:51,2,1,5
BRDA:53,3,0,4
BRDA:53,3,1,1
BRF:7
BRH:7
end_of_record
